[01m[K/home/max/Documents/GitHub/IR2121/Navigation/nav/src/goal/publisher.cpp:11:26:[m[K [01;31m[Kerror: [m[K‘[01m[Kbuffer[m[K’ is not a member of ‘[01m[Ktf2_ros[m[K’; did you mean ‘[01m[KBuffer[m[K’?
   11 | std::shared_ptr<tf2_ros::[01;31m[Kbuffer[m[K> tf_; std::shared_ptr<tf2_ros::transformlistener> tfl_; 2) In the constructor, rclcpp::Clock::SharedPtr clock; clock=std::make_shared< rclcpp::Clock >(RCL_SYSTEM_TIME); tf_.reset(new tf2_ros::Buffer(clock)); tfl_.reset(new tf2_ros::TransformListener(*tf_)); 3)
      |                          [01;31m[K^~~~~~[m[K
      |                          [32m[KBuffer[m[K
[01m[K/home/max/Documents/GitHub/IR2121/Navigation/nav/src/goal/publisher.cpp:11:26:[m[K [01;31m[Kerror: [m[K‘[01m[Kbuffer[m[K’ is not a member of ‘[01m[Ktf2_ros[m[K’; did you mean ‘[01m[KBuffer[m[K’?
   11 | std::shared_ptr<tf2_ros::[01;31m[Kbuffer[m[K> tf_; std::shared_ptr<tf2_ros::transformlistener> tfl_; 2) In the constructor, rclcpp::Clock::SharedPtr clock; clock=std::make_shared< rclcpp::Clock >(RCL_SYSTEM_TIME); tf_.reset(new tf2_ros::Buffer(clock)); tfl_.reset(new tf2_ros::TransformListener(*tf_)); 3)
      |                          [01;31m[K^~~~~~[m[K
      |                          [32m[KBuffer[m[K
[01m[K/home/max/Documents/GitHub/IR2121/Navigation/nav/src/goal/publisher.cpp:11:32:[m[K [01;31m[Kerror: [m[Ktemplate argument 1 is invalid
   11 | std::shared_ptr<tf2_ros::buffer[01;31m[K>[m[K tf_; std::shared_ptr<tf2_ros::transformlistener> tfl_; 2) In the constructor, rclcpp::Clock::SharedPtr clock; clock=std::make_shared< rclcpp::Clock >(RCL_SYSTEM_TIME); tf_.reset(new tf2_ros::Buffer(clock)); tfl_.reset(new tf2_ros::TransformListener(*tf_)); 3)
      |                                [01;31m[K^[m[K
[01m[K/home/max/Documents/GitHub/IR2121/Navigation/nav/src/goal/publisher.cpp:11:64:[m[K [01;31m[Kerror: [m[K‘[01m[Ktransformlistener[m[K’ is not a member of ‘[01m[Ktf2_ros[m[K’; did you mean ‘[01m[KTransformListener[m[K’?
   11 | std::shared_ptr<tf2_ros::buffer> tf_; std::shared_ptr<tf2_ros::[01;31m[Ktransformlistener[m[K> tfl_; 2) In the constructor, rclcpp::Clock::SharedPtr clock; clock=std::make_shared< rclcpp::Clock >(RCL_SYSTEM_TIME); tf_.reset(new tf2_ros::Buffer(clock)); tfl_.reset(new tf2_ros::TransformListener(*tf_)); 3)
      |                                                                [01;31m[K^~~~~~~~~~~~~~~~~[m[K
      |                                                                [32m[KTransformListener[m[K
[01m[K/home/max/Documents/GitHub/IR2121/Navigation/nav/src/goal/publisher.cpp:11:64:[m[K [01;31m[Kerror: [m[K‘[01m[Ktransformlistener[m[K’ is not a member of ‘[01m[Ktf2_ros[m[K’; did you mean ‘[01m[KTransformListener[m[K’?
   11 | std::shared_ptr<tf2_ros::buffer> tf_; std::shared_ptr<tf2_ros::[01;31m[Ktransformlistener[m[K> tfl_; 2) In the constructor, rclcpp::Clock::SharedPtr clock; clock=std::make_shared< rclcpp::Clock >(RCL_SYSTEM_TIME); tf_.reset(new tf2_ros::Buffer(clock)); tfl_.reset(new tf2_ros::TransformListener(*tf_)); 3)
      |                                                                [01;31m[K^~~~~~~~~~~~~~~~~[m[K
      |                                                                [32m[KTransformListener[m[K
[01m[K/home/max/Documents/GitHub/IR2121/Navigation/nav/src/goal/publisher.cpp:11:81:[m[K [01;31m[Kerror: [m[Ktemplate argument 1 is invalid
   11 | std::shared_ptr<tf2_ros::buffer> tf_; std::shared_ptr<tf2_ros::transformlistener[01;31m[K>[m[K tfl_; 2) In the constructor, rclcpp::Clock::SharedPtr clock; clock=std::make_shared< rclcpp::Clock >(RCL_SYSTEM_TIME); tf_.reset(new tf2_ros::Buffer(clock)); tfl_.reset(new tf2_ros::TransformListener(*tf_)); 3)
      |                                                                                 [01;31m[K^[m[K
[01m[K/home/max/Documents/GitHub/IR2121/Navigation/nav/src/goal/publisher.cpp:11:89:[m[K [01;31m[Kerror: [m[Kexpected unqualified-id before numeric constant
   11 | std::shared_ptr<tf2_ros::buffer> tf_; std::shared_ptr<tf2_ros::transformlistener> tfl_; [01;31m[K2[m[K) In the constructor, rclcpp::Clock::SharedPtr clock; clock=std::make_shared< rclcpp::Clock >(RCL_SYSTEM_TIME); tf_.reset(new tf2_ros::Buffer(clock)); tfl_.reset(new tf2_ros::TransformListener(*tf_)); 3)
      |                                                                                         [01;31m[K^[m[K
[01m[K/home/max/Documents/GitHub/IR2121/Navigation/nav/src/goal/publisher.cpp:11:144:[m[K [01;31m[Kerror: [m[K‘[01m[Kclock[m[K’ does not name a type
   11 | std::shared_ptr<tf2_ros::buffer> tf_; std::shared_ptr<tf2_ros::transformlistener> tfl_; 2) In the constructor, rclcpp::Clock::SharedPtr clock; [01;31m[Kclock[m[K=std::make_shared< rclcpp::Clock >(RCL_SYSTEM_TIME); tf_.reset(new tf2_ros::Buffer(clock)); tfl_.reset(new tf2_ros::TransformListener(*tf_)); 3)
      |                                                                                                                                                [01;31m[K^~~~~[m[K
[01m[K/home/max/Documents/GitHub/IR2121/Navigation/nav/src/goal/publisher.cpp:11:202:[m[K [01;31m[Kerror: [m[K‘[01m[Ktf_[m[K’ does not name a type
   11 | _ptr<tf2_ros::transformlistener> tfl_; 2) In the constructor, rclcpp::Clock::SharedPtr clock; clock=std::make_shared< rclcpp::Clock >(RCL_SYSTEM_TIME); [01;31m[Ktf_[m[K.reset(new tf2_ros::Buffer(clock)); tfl_.reset(new tf2_ros::TransformListener(*tf_)); 3)
      |                                                                                                                                                         [01;31m[K^~~[m[K

[01m[K/home/max/Documents/GitHub/IR2121/Navigation/nav/src/goal/publisher.cpp:11:241:[m[K [01;31m[Kerror: [m[K‘[01m[Ktfl_[m[K’ does not name a type
   11 | 2) In the constructor, rclcpp::Clock::SharedPtr clock; clock=std::make_shared< rclcpp::Clock >(RCL_SYSTEM_TIME); tf_.reset(new tf2_ros::Buffer(clock)); [01;31m[Ktfl_[m[K.reset(new tf2_ros::TransformListener(*tf_)); 3)
      |                                                                                                                                                         [01;31m[K^~~~[m[K

[01m[K/home/max/Documents/GitHub/IR2121/Navigation/nav/src/goal/publisher.cpp:11:291:[m[K [01;31m[Kerror: [m[Kexpected unqualified-id before numeric constant
   11 | ock; clock=std::make_shared< rclcpp::Clock >(RCL_SYSTEM_TIME); tf_.reset(new tf2_ros::Buffer(clock)); tfl_.reset(new tf2_ros::TransformListener(*tf_)); [01;31m[K3[m[K)
      |                                                                                                                                                         [01;31m[K^[m[K

make[2]: *** [CMakeFiles/publisher.dir/build.make:63: CMakeFiles/publisher.dir/publisher.cpp.o] Error 1
make[1]: *** [CMakeFiles/Makefile2:78: CMakeFiles/publisher.dir/all] Error 2
make: *** [Makefile:141: all] Error 2
