[0.097s] Invoking command in '/home/max/Documents/GitHub/IR2121/Navigation/nav/build/goal': CMAKE_PREFIX_PATH=${CMAKE_PREFIX_PATH}:/home/max/ws/install/opencv_tests:/opt/ros/foxy /usr/bin/cmake --build /home/max/Documents/GitHub/IR2121/Navigation/nav/build/goal -- -j20 -l20
[0.132s] [100%] Built target publisher
[0.139s] Invoked command in '/home/max/Documents/GitHub/IR2121/Navigation/nav/build/goal' returned '0': CMAKE_PREFIX_PATH=${CMAKE_PREFIX_PATH}:/home/max/ws/install/opencv_tests:/opt/ros/foxy /usr/bin/cmake --build /home/max/Documents/GitHub/IR2121/Navigation/nav/build/goal -- -j20 -l20
[0.160s] Invoking command in '/home/max/Documents/GitHub/IR2121/Navigation/nav/build/goal': CMAKE_PREFIX_PATH=${CMAKE_PREFIX_PATH}:/home/max/ws/install/opencv_tests:/opt/ros/foxy /usr/bin/cmake --install /home/max/Documents/GitHub/IR2121/Navigation/nav/build/goal
[0.164s] -- Install configuration: ""
[0.164s] -- Up-to-date: /home/max/Documents/GitHub/IR2121/Navigation/nav/install/goal/lib/goal/publisher
[0.164s] -- Up-to-date: /home/max/Documents/GitHub/IR2121/Navigation/nav/install/goal/share/ament_index/resource_index/package_run_dependencies/goal
[0.164s] -- Up-to-date: /home/max/Documents/GitHub/IR2121/Navigation/nav/install/goal/share/ament_index/resource_index/parent_prefix_path/goal
[0.164s] -- Up-to-date: /home/max/Documents/GitHub/IR2121/Navigation/nav/install/goal/share/goal/environment/ament_prefix_path.sh
[0.164s] -- Up-to-date: /home/max/Documents/GitHub/IR2121/Navigation/nav/install/goal/share/goal/environment/ament_prefix_path.dsv
[0.165s] -- Up-to-date: /home/max/Documents/GitHub/IR2121/Navigation/nav/install/goal/share/goal/environment/path.sh
[0.165s] -- Up-to-date: /home/max/Documents/GitHub/IR2121/Navigation/nav/install/goal/share/goal/environment/path.dsv
[0.165s] -- Up-to-date: /home/max/Documents/GitHub/IR2121/Navigation/nav/install/goal/share/goal/local_setup.bash
[0.165s] -- Up-to-date: /home/max/Documents/GitHub/IR2121/Navigation/nav/install/goal/share/goal/local_setup.sh
[0.165s] -- Up-to-date: /home/max/Documents/GitHub/IR2121/Navigation/nav/install/goal/share/goal/local_setup.zsh
[0.165s] -- Up-to-date: /home/max/Documents/GitHub/IR2121/Navigation/nav/install/goal/share/goal/local_setup.dsv
[0.165s] -- Installing: /home/max/Documents/GitHub/IR2121/Navigation/nav/install/goal/share/goal/package.dsv
[0.165s] -- Up-to-date: /home/max/Documents/GitHub/IR2121/Navigation/nav/install/goal/share/ament_index/resource_index/packages/goal
[0.165s] -- Up-to-date: /home/max/Documents/GitHub/IR2121/Navigation/nav/install/goal/share/goal/cmake/goalConfig.cmake
[0.165s] -- Up-to-date: /home/max/Documents/GitHub/IR2121/Navigation/nav/install/goal/share/goal/cmake/goalConfig-version.cmake
[0.165s] -- Up-to-date: /home/max/Documents/GitHub/IR2121/Navigation/nav/install/goal/share/goal/package.xml
[0.166s] Invoked command in '/home/max/Documents/GitHub/IR2121/Navigation/nav/build/goal' returned '0': CMAKE_PREFIX_PATH=${CMAKE_PREFIX_PATH}:/home/max/ws/install/opencv_tests:/opt/ros/foxy /usr/bin/cmake --install /home/max/Documents/GitHub/IR2121/Navigation/nav/build/goal
