[35m[1mScanning dependencies of target publisher[0m
[ 50%] [32mBuilding CXX object CMakeFiles/publisher.dir/publisher.cpp.o[0m
[01m[K/home/max/Documents/GitHub/IR2121/Navigation/nav/src/goal/publisher.cpp:[m[K In function ‘[01m[Kint main(int, char**)[m[K’:
[01m[K/home/max/Documents/GitHub/IR2121/Navigation/nav/src/goal/publisher.cpp:20:83:[m[K [01;31m[Kerror: [m[Kexpected ‘[01m[K,[m[K’ or ‘[01m[K...[m[K’ before numeric constant
   20 |   tf2_ros::Buffer tf2_buffer(rclcpp::Clock::SharedPtr clock, tf2::Duration(double [01;31m[K2.0[m[K));
      |                                                                                   [01;31m[K^~~[m[K
[01m[K/home/max/Documents/GitHub/IR2121/Navigation/nav/src/goal/publisher.cpp:21:49:[m[K [01;31m[Kerror: [m[Kno matching function for call to ‘[01m[Ktf2_ros::TransformListener::TransformListener(tf2_ros::Buffer (&)(rclcpp::Clock::SharedPtr, tf2::Duration (*)(double)))[m[K’
   21 |   tf2_ros::TransformListener listener(tf2_buffer[01;31m[K)[m[K;
      |                                                 [01;31m[K^[m[K
In file included from [01m[K/home/max/Documents/GitHub/IR2121/Navigation/nav/src/goal/publisher.cpp:5[m[K:
[01m[K/opt/ros/foxy/include/tf2_ros/transform_listener.h:58:3:[m[K [01;36m[Knote: [m[Kcandidate: ‘[01m[Ktemplate<class NodeT, class AllocatorT> tf2_ros::TransformListener::TransformListener(tf2::BufferCore&, NodeT&&, bool, const rclcpp::QoS&, const rclcpp::QoS&, const rclcpp::SubscriptionOptionsWithAllocator<AllocatorT>&)[m[K’
   58 |   [01;36m[KTransformListener[m[K(
      |   [01;36m[K^~~~~~~~~~~~~~~~~[m[K
[01m[K/opt/ros/foxy/include/tf2_ros/transform_listener.h:58:3:[m[K [01;36m[Knote: [m[K  template argument deduction/substitution failed:
[01m[K/home/max/Documents/GitHub/IR2121/Navigation/nav/src/goal/publisher.cpp:21:49:[m[K [01;36m[Knote: [m[K  candidate expects 6 arguments, 1 provided
   21 |   tf2_ros::TransformListener listener(tf2_buffer[01;36m[K)[m[K;
      |                                                 [01;36m[K^[m[K
In file included from [01m[K/home/max/Documents/GitHub/IR2121/Navigation/nav/src/goal/publisher.cpp:5[m[K:
[01m[K/opt/ros/foxy/include/tf2_ros/transform_listener.h:55:12:[m[K [01;36m[Knote: [m[Kcandidate: ‘[01m[Ktf2_ros::TransformListener::TransformListener(tf2::BufferCore&, bool)[m[K’
   55 |   explicit [01;36m[KTransformListener[m[K(tf2::BufferCore & buffer, bool spin_thread = true);
      |            [01;36m[K^~~~~~~~~~~~~~~~~[m[K
[01m[K/opt/ros/foxy/include/tf2_ros/transform_listener.h:55:48:[m[K [01;36m[Knote: [m[K  no known conversion for argument 1 from ‘[01m[Ktf2_ros::Buffer(rclcpp::Clock::SharedPtr, tf2::Duration (*)(double))[m[K’ {aka ‘[01m[Ktf2_ros::Buffer(std::shared_ptr<rclcpp::Clock>, std::chrono::duration<long int, std::ratio<1, 1000000000> > (*)(double))[m[K’} to ‘[01m[Ktf2::BufferCore&[m[K’
   55 |   explicit TransformListener([01;36m[Ktf2::BufferCore & buffer[m[K, bool spin_thread = true);
      |                              [01;36m[K~~~~~~~~~~~~~~~~~~^~~~~~[m[K
[01m[K/home/max/Documents/GitHub/IR2121/Navigation/nav/src/goal/publisher.cpp:36:31:[m[K [01;31m[Kerror: [m[Krequest for member ‘[01m[KlookupTransform[m[K’ in ‘[01m[Ktf2_buffer[m[K’, which is of non-class type ‘[01m[Ktf2_ros::Buffer(rclcpp::Clock::SharedPtr, tf2::Duration (*)(double))[m[K’ {aka ‘[01m[Ktf2_ros::Buffer(std::shared_ptr<rclcpp::Clock>, std::chrono::duration<long int, std::ratio<1, 1000000000> > (*)(double))[m[K’}
   36 |     map_baselink = tf2_buffer.[01;31m[KlookupTransform[m[K("base_link", "map", rclcpp::Time(0), rclcpp::Duration(1.0));
      |                               [01;31m[K^~~~~~~~~~~~~~~[m[K
make[2]: *** [CMakeFiles/publisher.dir/build.make:63: CMakeFiles/publisher.dir/publisher.cpp.o] Error 1
make[1]: *** [CMakeFiles/Makefile2:78: CMakeFiles/publisher.dir/all] Error 2
make: *** [Makefile:141: all] Error 2
