[35m[1mScanning dependencies of target publisher[0m
[ 50%] [32mBuilding CXX object CMakeFiles/publisher.dir/publisher.cpp.o[0m
[01m[K/home/max/Documents/GitHub/IR2121/Navigation/nav/src/goal/publisher.cpp:[m[K In function ‘[01m[Kvoid topic_callback(nav_msgs::msg::Odometry_<std::allocator<void> >::SharedPtr)[m[K’:
[01m[K/home/max/Documents/GitHub/IR2121/Navigation/nav/src/goal/publisher.cpp:13:18:[m[K [01;31m[Kerror: [m[Kno match for ‘[01m[Koperator=[m[K’ (operand types are ‘[01m[Kgeometry_msgs::msg::Pose[m[K’ {aka ‘[01m[Kgeometry_msgs::msg::Pose_<std::allocator<void> >[m[K’} and ‘[01m[Knav_msgs::msg::Odometry_<std::allocator<void> >::_pose_type[m[K’ {aka ‘[01m[Kgeometry_msgs::msg::PoseWithCovariance_<std::allocator<void> >[m[K’})
   13 |  sub_pose = msg->[01;31m[Kpose[m[K;
      |                  [01;31m[K^~~~[m[K
In file included from [01m[K/opt/ros/foxy/include/geometry_msgs/msg/detail/pose_stamped__struct.hpp:21[m[K,
                 from [01m[K/opt/ros/foxy/include/geometry_msgs/msg/pose_stamped.hpp:7[m[K,
                 from [01m[K/home/max/Documents/GitHub/IR2121/Navigation/nav/src/goal/publisher.cpp:3[m[K:
[01m[K/opt/ros/foxy/include/geometry_msgs/msg/detail/pose__struct.hpp:37:8:[m[K [01;36m[Knote: [m[Kcandidate: ‘[01m[Kconstexpr geometry_msgs::msg::Pose_<std::allocator<void> >& geometry_msgs::msg::Pose_<std::allocator<void> >::operator=(const geometry_msgs::msg::Pose_<std::allocator<void> >&)[m[K’
   37 | struct [01;36m[KPose_[m[K
      |        [01;36m[K^~~~~[m[K
[01m[K/opt/ros/foxy/include/geometry_msgs/msg/detail/pose__struct.hpp:37:8:[m[K [01;36m[Knote: [m[K  no known conversion for argument 1 from ‘[01m[Knav_msgs::msg::Odometry_<std::allocator<void> >::_pose_type[m[K’ {aka ‘[01m[Kgeometry_msgs::msg::PoseWithCovariance_<std::allocator<void> >[m[K’} to ‘[01m[Kconst geometry_msgs::msg::Pose_<std::allocator<void> >&[m[K’
[01m[K/opt/ros/foxy/include/geometry_msgs/msg/detail/pose__struct.hpp:37:8:[m[K [01;36m[Knote: [m[Kcandidate: ‘[01m[Kconstexpr geometry_msgs::msg::Pose_<std::allocator<void> >& geometry_msgs::msg::Pose_<std::allocator<void> >::operator=(geometry_msgs::msg::Pose_<std::allocator<void> >&&)[m[K’
[01m[K/opt/ros/foxy/include/geometry_msgs/msg/detail/pose__struct.hpp:37:8:[m[K [01;36m[Knote: [m[K  no known conversion for argument 1 from ‘[01m[Knav_msgs::msg::Odometry_<std::allocator<void> >::_pose_type[m[K’ {aka ‘[01m[Kgeometry_msgs::msg::PoseWithCovariance_<std::allocator<void> >[m[K’} to ‘[01m[Kgeometry_msgs::msg::Pose_<std::allocator<void> >&&[m[K’
[01m[K/home/max/Documents/GitHub/IR2121/Navigation/nav/src/goal/publisher.cpp:[m[K In function ‘[01m[Kint main(int, char**)[m[K’:
[01m[K/home/max/Documents/GitHub/IR2121/Navigation/nav/src/goal/publisher.cpp:26:18:[m[K [01;31m[Kerror: [m[K‘[01m[Kusing _pose_type = struct geometry_msgs::msg::Pose_<std::allocator<void> >[m[K’ {aka ‘[01m[Kstruct geometry_msgs::msg::Pose_<std::allocator<void> >[m[K’} has no member named ‘[01m[Kpoint[m[K’
   26 |     message.pose.[01;31m[Kpoint[m[K.x = px1;
      |                  [01;31m[K^~~~~[m[K
[01m[K/home/max/Documents/GitHub/IR2121/Navigation/nav/src/goal/publisher.cpp:27:18:[m[K [01;31m[Kerror: [m[K‘[01m[Kusing _pose_type = struct geometry_msgs::msg::Pose_<std::allocator<void> >[m[K’ {aka ‘[01m[Kstruct geometry_msgs::msg::Pose_<std::allocator<void> >[m[K’} has no member named ‘[01m[Kpoint[m[K’
   27 |     message.pose.[01;31m[Kpoint[m[K.y = py1;
      |                  [01;31m[K^~~~~[m[K
[01m[K/home/max/Documents/GitHub/IR2121/Navigation/nav/src/goal/publisher.cpp:28:18:[m[K [01;31m[Kerror: [m[K‘[01m[Kusing _pose_type = struct geometry_msgs::msg::Pose_<std::allocator<void> >[m[K’ {aka ‘[01m[Kstruct geometry_msgs::msg::Pose_<std::allocator<void> >[m[K’} has no member named ‘[01m[Kpoint[m[K’
   28 |     message.pose.[01;31m[Kpoint[m[K.z = pz1;
      |                  [01;31m[K^~~~~[m[K
make[2]: *** [CMakeFiles/publisher.dir/build.make:63: CMakeFiles/publisher.dir/publisher.cpp.o] Error 1
make[1]: *** [CMakeFiles/Makefile2:78: CMakeFiles/publisher.dir/all] Error 2
make: *** [Makefile:141: all] Error 2
