[0.095s] Invoking command in '/home/max/Documents/GitHub/IR2121/Navigation/nav/build/goal': CMAKE_PREFIX_PATH=${CMAKE_PREFIX_PATH}:/home/max/ws/install/opencv_tests:/opt/ros/foxy /usr/bin/cmake --build /home/max/Documents/GitHub/IR2121/Navigation/nav/build/goal -- -j20 -l20
[0.119s] [35m[1mScanning dependencies of target publisher[0m
[0.134s] [ 50%] [32mBuilding CXX object CMakeFiles/publisher.dir/publisher.cpp.o[0m
[1.716s] [100%] [32m[1mLinking CXX executable publisher[0m
[1.808s] [100%] Built target publisher
[1.815s] Invoked command in '/home/max/Documents/GitHub/IR2121/Navigation/nav/build/goal' returned '0': CMAKE_PREFIX_PATH=${CMAKE_PREFIX_PATH}:/home/max/ws/install/opencv_tests:/opt/ros/foxy /usr/bin/cmake --build /home/max/Documents/GitHub/IR2121/Navigation/nav/build/goal -- -j20 -l20
[1.834s] Invoking command in '/home/max/Documents/GitHub/IR2121/Navigation/nav/build/goal': CMAKE_PREFIX_PATH=${CMAKE_PREFIX_PATH}:/home/max/ws/install/opencv_tests:/opt/ros/foxy /usr/bin/cmake --install /home/max/Documents/GitHub/IR2121/Navigation/nav/build/goal
[1.839s] -- Install configuration: ""
[1.839s] -- Installing: /home/max/Documents/GitHub/IR2121/Navigation/nav/install/goal/lib/goal/publisher
[1.839s] -- Set runtime path of "/home/max/Documents/GitHub/IR2121/Navigation/nav/install/goal/lib/goal/publisher" to ""
[1.839s] -- Up-to-date: /home/max/Documents/GitHub/IR2121/Navigation/nav/install/goal/share/ament_index/resource_index/package_run_dependencies/goal
[1.839s] -- Up-to-date: /home/max/Documents/GitHub/IR2121/Navigation/nav/install/goal/share/ament_index/resource_index/parent_prefix_path/goal
[1.840s] -- Up-to-date: /home/max/Documents/GitHub/IR2121/Navigation/nav/install/goal/share/goal/environment/ament_prefix_path.sh
[1.840s] -- Up-to-date: /home/max/Documents/GitHub/IR2121/Navigation/nav/install/goal/share/goal/environment/ament_prefix_path.dsv
[1.840s] -- Up-to-date: /home/max/Documents/GitHub/IR2121/Navigation/nav/install/goal/share/goal/environment/path.sh
[1.840s] -- Up-to-date: /home/max/Documents/GitHub/IR2121/Navigation/nav/install/goal/share/goal/environment/path.dsv
[1.840s] -- Up-to-date: /home/max/Documents/GitHub/IR2121/Navigation/nav/install/goal/share/goal/local_setup.bash
[1.840s] -- Up-to-date: /home/max/Documents/GitHub/IR2121/Navigation/nav/install/goal/share/goal/local_setup.sh
[1.840s] -- Up-to-date: /home/max/Documents/GitHub/IR2121/Navigation/nav/install/goal/share/goal/local_setup.zsh
[1.840s] -- Up-to-date: /home/max/Documents/GitHub/IR2121/Navigation/nav/install/goal/share/goal/local_setup.dsv
[1.840s] -- Installing: /home/max/Documents/GitHub/IR2121/Navigation/nav/install/goal/share/goal/package.dsv
[1.840s] -- Up-to-date: /home/max/Documents/GitHub/IR2121/Navigation/nav/install/goal/share/ament_index/resource_index/packages/goal
[1.840s] -- Up-to-date: /home/max/Documents/GitHub/IR2121/Navigation/nav/install/goal/share/goal/cmake/goalConfig.cmake
[1.840s] -- Up-to-date: /home/max/Documents/GitHub/IR2121/Navigation/nav/install/goal/share/goal/cmake/goalConfig-version.cmake
[1.840s] -- Up-to-date: /home/max/Documents/GitHub/IR2121/Navigation/nav/install/goal/share/goal/package.xml
[1.841s] Invoked command in '/home/max/Documents/GitHub/IR2121/Navigation/nav/build/goal' returned '0': CMAKE_PREFIX_PATH=${CMAKE_PREFIX_PATH}:/home/max/ws/install/opencv_tests:/opt/ros/foxy /usr/bin/cmake --install /home/max/Documents/GitHub/IR2121/Navigation/nav/build/goal
