[0.079s] Invoking command in '/home/max/Documents/GitHub/IR2121/Navigation/nav/build/nav': /usr/bin/cmake /home/max/Documents/GitHub/IR2121/Navigation/nav/src/goal -DCMAKE_INSTALL_PREFIX=/home/max/Documents/GitHub/IR2121/Navigation/nav/install/nav
[0.111s] -- The C compiler identification is GNU 9.4.0
[0.142s] -- The CXX compiler identification is GNU 9.4.0
[0.144s] -- Check for working C compiler: /usr/bin/cc
[0.185s] -- Check for working C compiler: /usr/bin/cc -- works
[0.185s] -- Detecting C compiler ABI info
[0.226s] -- Detecting C compiler ABI info - done
[0.232s] -- Detecting C compile features
[0.232s] -- Detecting C compile features - done
[0.234s] -- Check for working CXX compiler: /usr/bin/c++
[0.281s] -- Check for working CXX compiler: /usr/bin/c++ -- works
[0.281s] -- Detecting CXX compiler ABI info
[0.328s] -- Detecting CXX compiler ABI info - done
[0.334s] -- Detecting CXX compile features
[0.335s] -- Detecting CXX compile features - done
[0.336s] -- Found ament_cmake: 0.9.12 (/opt/ros/foxy/share/ament_cmake/cmake)
[0.355s] -- Found PythonInterp: /usr/bin/python3 (found suitable version "3.8.10", minimum required is "3") 
[0.355s] -- Using PYTHON_EXECUTABLE: /usr/bin/python3
[0.460s] -- Found rclcpp: 2.4.3 (/opt/ros/foxy/share/rclcpp/cmake)
[0.488s] -- Using all available rosidl_typesupport_c: rosidl_typesupport_fastrtps_c;rosidl_typesupport_introspection_c
[0.493s] -- Found rosidl_adapter: 1.3.1 (/opt/ros/foxy/share/rosidl_adapter/cmake)
[0.539s] -- Found OpenSSL: /usr/lib/x86_64-linux-gnu/libcrypto.so (found version "1.1.1f")  
[0.557s] -- Found FastRTPS: /opt/ros/foxy/include  
[0.604s] -- Using all available rosidl_typesupport_cpp: rosidl_typesupport_fastrtps_cpp;rosidl_typesupport_introspection_cpp
[0.639s] -- Found rmw_implementation_cmake: 1.0.4 (/opt/ros/foxy/share/rmw_implementation_cmake/cmake)
[0.640s] -- Using RMW implementation 'rmw_fastrtps_cpp' as default
[0.640s] -- Looking for pthread.h
[0.683s] -- Looking for pthread.h - found
[0.683s] -- Performing Test CMAKE_HAVE_LIBC_PTHREAD
[0.726s] -- Performing Test CMAKE_HAVE_LIBC_PTHREAD - Failed
[0.726s] -- Looking for pthread_create in pthreads
[0.761s] -- Looking for pthread_create in pthreads - not found
[0.761s] -- Looking for pthread_create in pthread
[0.804s] -- Looking for pthread_create in pthread - found
[0.805s] -- Found Threads: TRUE  
[0.893s] -- Found geometry_msgs: 2.0.5 (/opt/ros/foxy/share/geometry_msgs/cmake)
[0.913s] -- Found nav_msgs: 2.0.5 (/opt/ros/foxy/share/nav_msgs/cmake)
[0.982s] Error parsing '/home/max/Documents/GitHub/IR2121/Navigation/nav/src/goal/package.xml':
[1.044s] Traceback (most recent call last):
[1.044s]   File "/opt/ros/foxy/share/ament_cmake_core/cmake/core/package_xml_2_cmake.py", line 143, in <module>
[1.044s]     main()
[1.044s]   File "/opt/ros/foxy/share/ament_cmake_core/cmake/core/package_xml_2_cmake.py", line 52, in main
[1.044s]     raise e
[1.044s]   File "/opt/ros/foxy/share/ament_cmake_core/cmake/core/package_xml_2_cmake.py", line 48, in main
[1.044s]     package = parse_package_string(
[1.044s]   File "/usr/lib/python3/dist-packages/catkin_pkg/package.py", line 788, in parse_package_string
[1.044s]     pkg.validate(warnings=warnings)
[1.044s]   File "/usr/lib/python3/dist-packages/catkin_pkg/package.py", line 330, in validate
[1.044s]     raise InvalidPackage('\n'.join(errors), self.filename)
[1.044s] catkin_pkg.package.InvalidPackage: Error(s) in package '/home/max/Documents/GitHub/IR2121/Navigation/nav/src/goal/package.xml':
[1.044s] Package name "nav with goals" does not follow naming conventions
[1.055s] CMake Error at /opt/ros/foxy/share/ament_cmake_core/cmake/core/ament_package_xml.cmake:94 (message):
[1.056s]   execute_process(/usr/bin/python3
[1.056s]   /opt/ros/foxy/share/ament_cmake_core/cmake/core/package_xml_2_cmake.py
[1.056s]   /home/max/Documents/GitHub/IR2121/Navigation/nav/src/goal/package.xml
[1.056s]   /home/max/Documents/GitHub/IR2121/Navigation/nav/build/nav/ament_cmake_core/package.cmake)
[1.056s]   returned error code 1
[1.056s] Call Stack (most recent call first):
[1.056s]   /opt/ros/foxy/share/ament_cmake_core/cmake/core/ament_package_xml.cmake:49 (_ament_package_xml)
[1.056s]   /opt/ros/foxy/share/ament_cmake_core/cmake/core/ament_package.cmake:63 (ament_package_xml)
[1.056s]   CMakeLists.txt:27 (ament_package)
[1.056s] 
[1.056s] 
[1.057s] -- Configuring incomplete, errors occurred!
[1.057s] See also "/home/max/Documents/GitHub/IR2121/Navigation/nav/build/nav/CMakeFiles/CMakeOutput.log".
[1.057s] See also "/home/max/Documents/GitHub/IR2121/Navigation/nav/build/nav/CMakeFiles/CMakeError.log".
[1.062s] Invoked command in '/home/max/Documents/GitHub/IR2121/Navigation/nav/build/nav' returned '1': /usr/bin/cmake /home/max/Documents/GitHub/IR2121/Navigation/nav/src/goal -DCMAKE_INSTALL_PREFIX=/home/max/Documents/GitHub/IR2121/Navigation/nav/install/nav
