[01m[K/home/max/Documents/GitHub/IR2121/Navigation/nav/src/goal/publisher.cpp:10:1:[m[K [01;31m[Kerror: [m[K‘[01m[Kgeometry_msg[m[K’ does not name a type; did you mean ‘[01m[Kgeometry_msgs[m[K’?
   10 | [01;31m[Kgeometry_msg[m[K::msg::Pose sub_pose;
      | [01;31m[K^~~~~~~~~~~~[m[K
      | [32m[Kgeometry_msgs[m[K
[01m[K/home/max/Documents/GitHub/IR2121/Navigation/nav/src/goal/publisher.cpp:[m[K In function ‘[01m[Kvoid topic_callback(nav_msgs::msg::Odometry_<std::allocator<void> >::SharedPtr)[m[K’:
[01m[K/home/max/Documents/GitHub/IR2121/Navigation/nav/src/goal/publisher.cpp:13:2:[m[K [01;31m[Kerror: [m[K‘[01m[Ksub_pose[m[K’ was not declared in this scope
   13 |  [01;31m[Ksub_pose[m[K = msg->pose;
      |  [01;31m[K^~~~~~~~[m[K
[01m[K/home/max/Documents/GitHub/IR2121/Navigation/nav/src/goal/publisher.cpp:[m[K In function ‘[01m[Kint main(int, char**)[m[K’:
[01m[K/home/max/Documents/GitHub/IR2121/Navigation/nav/src/goal/publisher.cpp:26:18:[m[K [01;31m[Kerror: [m[K‘[01m[Kusing _pose_type = struct geometry_msgs::msg::Pose_<std::allocator<void> >[m[K’ {aka ‘[01m[Kstruct geometry_msgs::msg::Pose_<std::allocator<void> >[m[K’} has no member named ‘[01m[Kpoint[m[K’
   26 |     message.pose.[01;31m[Kpoint[m[K.x = px1;
      |                  [01;31m[K^~~~~[m[K
[01m[K/home/max/Documents/GitHub/IR2121/Navigation/nav/src/goal/publisher.cpp:27:18:[m[K [01;31m[Kerror: [m[K‘[01m[Kusing _pose_type = struct geometry_msgs::msg::Pose_<std::allocator<void> >[m[K’ {aka ‘[01m[Kstruct geometry_msgs::msg::Pose_<std::allocator<void> >[m[K’} has no member named ‘[01m[Kpoint[m[K’
   27 |     message.pose.[01;31m[Kpoint[m[K.y = py1;
      |                  [01;31m[K^~~~~[m[K
[01m[K/home/max/Documents/GitHub/IR2121/Navigation/nav/src/goal/publisher.cpp:28:18:[m[K [01;31m[Kerror: [m[K‘[01m[Kusing _pose_type = struct geometry_msgs::msg::Pose_<std::allocator<void> >[m[K’ {aka ‘[01m[Kstruct geometry_msgs::msg::Pose_<std::allocator<void> >[m[K’} has no member named ‘[01m[Kpoint[m[K’
   28 |     message.pose.[01;31m[Kpoint[m[K.z = pz1;
      |                  [01;31m[K^~~~~[m[K
make[2]: *** [CMakeFiles/publisher.dir/build.make:63: CMakeFiles/publisher.dir/publisher.cpp.o] Error 1
make[1]: *** [CMakeFiles/Makefile2:78: CMakeFiles/publisher.dir/all] Error 2
make: *** [Makefile:141: all] Error 2
