[0.998s] DEBUG:colcon:Command line arguments: ['/usr/bin/colcon', 'build']
[0.998s] DEBUG:colcon:Parsed command line arguments: Namespace(allow_overriding=[], ament_cmake_args=None, base_paths=['.'], build_base='build', catkin_cmake_args=None, catkin_skip_building_tests=False, cmake_args=None, cmake_clean_cache=False, cmake_clean_first=False, cmake_force_configure=False, cmake_target=None, cmake_target_skip_unavailable=False, continue_on_error=False, event_handlers=None, executor='parallel', ignore_user_meta=False, install_base='install', log_base=None, log_level=None, main=<bound method BuildVerb.main of <colcon_core.verb.build.BuildVerb object at 0x7f100d88ae20>>, merge_install=False, metas=['./colcon.meta'], packages_above=None, packages_above_and_dependencies=None, packages_above_depth=None, packages_end=None, packages_ignore=None, packages_ignore_regex=None, packages_select=None, packages_select_build_failed=False, packages_select_by_dep=None, packages_select_regex=None, packages_select_test_failures=False, packages_skip=None, packages_skip_build_finished=False, packages_skip_by_dep=None, packages_skip_regex=None, packages_skip_test_passed=False, packages_skip_up_to=None, packages_start=None, packages_up_to=None, packages_up_to_regex=None, parallel_workers=20, paths=None, symlink_install=False, test_result_base=None, verb_extension=<colcon_core.verb.build.BuildVerb object at 0x7f100d88ae20>, verb_name='build', verb_parser=<colcon_defaults.argument_parser.defaults.DefaultArgumentsDecorator object at 0x7f100d49bf70>)
[1.042s] Level 1:colcon.colcon_core.package_discovery:discover_packages(colcon_meta) check parameters
[1.042s] Level 1:colcon.colcon_core.package_discovery:discover_packages(recursive) check parameters
[1.042s] Level 1:colcon.colcon_core.package_discovery:discover_packages(ignore) check parameters
[1.042s] Level 1:colcon.colcon_core.package_discovery:discover_packages(path) check parameters
[1.042s] Level 1:colcon.colcon_core.package_discovery:discover_packages(colcon_meta) discover
[1.042s] Level 1:colcon.colcon_core.package_discovery:discover_packages(recursive) discover
[1.042s] INFO:colcon.colcon_core.package_discovery:Crawling recursively for packages in '/home/max/Documents/GitHub/IR2121/Navigation/nav'
[1.042s] Level 1:colcon.colcon_core.package_identification:_identify(.) by extensions ['ignore', 'ignore_ament_install']
[1.042s] Level 1:colcon.colcon_core.package_identification:_identify(.) by extension 'ignore'
[1.042s] Level 1:colcon.colcon_core.package_identification:_identify(.) by extension 'ignore_ament_install'
[1.042s] Level 1:colcon.colcon_core.package_identification:_identify(.) by extensions ['colcon_pkg']
[1.042s] Level 1:colcon.colcon_core.package_identification:_identify(.) by extension 'colcon_pkg'
[1.042s] Level 1:colcon.colcon_core.package_identification:_identify(.) by extensions ['colcon_meta']
[1.042s] Level 1:colcon.colcon_core.package_identification:_identify(.) by extension 'colcon_meta'
[1.042s] Level 1:colcon.colcon_core.package_identification:_identify(.) by extensions ['ros']
[1.042s] Level 1:colcon.colcon_core.package_identification:_identify(.) by extension 'ros'
[1.048s] Level 1:colcon.colcon_core.package_identification:_identify(.) by extensions ['cmake', 'python']
[1.048s] Level 1:colcon.colcon_core.package_identification:_identify(.) by extension 'cmake'
[1.048s] Level 1:colcon.colcon_core.package_identification:_identify(.) by extension 'python'
[1.048s] Level 1:colcon.colcon_core.package_identification:_identify(.) by extensions ['python_setup_py']
[1.048s] Level 1:colcon.colcon_core.package_identification:_identify(.) by extension 'python_setup_py'
[1.048s] Level 1:colcon.colcon_core.package_identification:_identify(build) by extensions ['ignore', 'ignore_ament_install']
[1.048s] Level 1:colcon.colcon_core.package_identification:_identify(build) by extension 'ignore'
[1.048s] Level 1:colcon.colcon_core.package_identification:_identify(build) ignored
[1.048s] Level 1:colcon.colcon_core.package_identification:_identify(install) by extensions ['ignore', 'ignore_ament_install']
[1.048s] Level 1:colcon.colcon_core.package_identification:_identify(install) by extension 'ignore'
[1.048s] Level 1:colcon.colcon_core.package_identification:_identify(install) ignored
[1.048s] Level 1:colcon.colcon_core.package_identification:_identify(log) by extensions ['ignore', 'ignore_ament_install']
[1.048s] Level 1:colcon.colcon_core.package_identification:_identify(log) by extension 'ignore'
[1.048s] Level 1:colcon.colcon_core.package_identification:_identify(log) ignored
[1.048s] Level 1:colcon.colcon_core.package_identification:_identify(src) by extensions ['ignore', 'ignore_ament_install']
[1.049s] Level 1:colcon.colcon_core.package_identification:_identify(src) by extension 'ignore'
[1.049s] Level 1:colcon.colcon_core.package_identification:_identify(src) by extension 'ignore_ament_install'
[1.049s] Level 1:colcon.colcon_core.package_identification:_identify(src) by extensions ['colcon_pkg']
[1.049s] Level 1:colcon.colcon_core.package_identification:_identify(src) by extension 'colcon_pkg'
[1.049s] Level 1:colcon.colcon_core.package_identification:_identify(src) by extensions ['colcon_meta']
[1.049s] Level 1:colcon.colcon_core.package_identification:_identify(src) by extension 'colcon_meta'
[1.049s] Level 1:colcon.colcon_core.package_identification:_identify(src) by extensions ['ros']
[1.049s] Level 1:colcon.colcon_core.package_identification:_identify(src) by extension 'ros'
[1.049s] Level 1:colcon.colcon_core.package_identification:_identify(src) by extensions ['cmake', 'python']
[1.049s] Level 1:colcon.colcon_core.package_identification:_identify(src) by extension 'cmake'
[1.049s] Level 1:colcon.colcon_core.package_identification:_identify(src) by extension 'python'
[1.049s] Level 1:colcon.colcon_core.package_identification:_identify(src) by extensions ['python_setup_py']
[1.049s] Level 1:colcon.colcon_core.package_identification:_identify(src) by extension 'python_setup_py'
[1.049s] Level 1:colcon.colcon_core.package_identification:_identify(src/goal) by extensions ['ignore', 'ignore_ament_install']
[1.049s] Level 1:colcon.colcon_core.package_identification:_identify(src/goal) by extension 'ignore'
[1.049s] Level 1:colcon.colcon_core.package_identification:_identify(src/goal) by extension 'ignore_ament_install'
[1.049s] Level 1:colcon.colcon_core.package_identification:_identify(src/goal) by extensions ['colcon_pkg']
[1.049s] Level 1:colcon.colcon_core.package_identification:_identify(src/goal) by extension 'colcon_pkg'
[1.049s] Level 1:colcon.colcon_core.package_identification:_identify(src/goal) by extensions ['colcon_meta']
[1.049s] Level 1:colcon.colcon_core.package_identification:_identify(src/goal) by extension 'colcon_meta'
[1.049s] Level 1:colcon.colcon_core.package_identification:_identify(src/goal) by extensions ['ros']
[1.049s] Level 1:colcon.colcon_core.package_identification:_identify(src/goal) by extension 'ros'
[1.050s] DEBUG:colcon.colcon_core.package_identification:Package 'src/goal' with type 'ros.ament_cmake' and name 'goal'
[1.050s] Level 1:colcon.colcon_core.package_discovery:discover_packages(recursive) using defaults
[1.050s] Level 1:colcon.colcon_core.package_discovery:discover_packages(ignore) discover
[1.050s] Level 1:colcon.colcon_core.package_discovery:discover_packages(ignore) using defaults
[1.050s] Level 1:colcon.colcon_core.package_discovery:discover_packages(path) discover
[1.050s] Level 1:colcon.colcon_core.package_discovery:discover_packages(path) using defaults
[1.146s] Level 1:colcon.colcon_core.package_discovery:discover_packages(prefix_path) check parameters
[1.146s] Level 1:colcon.colcon_core.package_discovery:discover_packages(prefix_path) discover
[1.180s] DEBUG:colcon.colcon_installed_package_information.package_discovery:Found 1 installed packages in /home/max/Documents/GitHub/IR2121/Navigation/nav/install
[1.197s] DEBUG:colcon.colcon_installed_package_information.package_discovery:Found 9 installed packages in /home/max/ws/install
[1.214s] DEBUG:colcon.colcon_installed_package_information.package_discovery:Found 383 installed packages in /opt/ros/foxy
[1.215s] Level 1:colcon.colcon_core.package_discovery:discover_packages(prefix_path) using defaults
[1.290s] Level 5:colcon.colcon_core.verb:set package 'goal' build argument 'cmake_args' from command line to 'None'
[1.290s] Level 5:colcon.colcon_core.verb:set package 'goal' build argument 'cmake_target' from command line to 'None'
[1.290s] Level 5:colcon.colcon_core.verb:set package 'goal' build argument 'cmake_target_skip_unavailable' from command line to 'False'
[1.290s] Level 5:colcon.colcon_core.verb:set package 'goal' build argument 'cmake_clean_cache' from command line to 'False'
[1.290s] Level 5:colcon.colcon_core.verb:set package 'goal' build argument 'cmake_clean_first' from command line to 'False'
[1.290s] Level 5:colcon.colcon_core.verb:set package 'goal' build argument 'cmake_force_configure' from command line to 'False'
[1.290s] Level 5:colcon.colcon_core.verb:set package 'goal' build argument 'ament_cmake_args' from command line to 'None'
[1.290s] Level 5:colcon.colcon_core.verb:set package 'goal' build argument 'catkin_cmake_args' from command line to 'None'
[1.290s] Level 5:colcon.colcon_core.verb:set package 'goal' build argument 'catkin_skip_building_tests' from command line to 'False'
[1.290s] DEBUG:colcon.colcon_core.verb:Building package 'goal' with the following arguments: {'ament_cmake_args': None, 'build_base': '/home/max/Documents/GitHub/IR2121/Navigation/nav/build/goal', 'catkin_cmake_args': None, 'catkin_skip_building_tests': False, 'cmake_args': None, 'cmake_clean_cache': False, 'cmake_clean_first': False, 'cmake_force_configure': False, 'cmake_target': None, 'cmake_target_skip_unavailable': False, 'install_base': '/home/max/Documents/GitHub/IR2121/Navigation/nav/install/goal', 'merge_install': False, 'path': '/home/max/Documents/GitHub/IR2121/Navigation/nav/src/goal', 'symlink_install': False, 'test_result_base': None}
[1.306s] INFO:colcon.colcon_core.executor:Executing jobs using 'parallel' executor
[1.323s] DEBUG:colcon.colcon_parallel_executor.executor.parallel:run_until_complete
[1.324s] INFO:colcon.colcon_ros.task.ament_cmake.build:Building ROS package in '/home/max/Documents/GitHub/IR2121/Navigation/nav/src/goal' with build type 'ament_cmake'
[1.324s] INFO:colcon.colcon_cmake.task.cmake.build:Building CMake package in '/home/max/Documents/GitHub/IR2121/Navigation/nav/src/goal'
[1.348s] INFO:colcon.colcon_core.plugin_system:Skipping extension 'colcon_core.shell.bat': Not used on non-Windows systems
[1.348s] INFO:colcon.colcon_core.shell:Skip shell extension 'powershell' for command environment: Not usable outside of PowerShell
[1.348s] DEBUG:colcon.colcon_core.shell:Skip shell extension 'dsv' for command environment
[1.420s] DEBUG:colcon.colcon_core.event_handler.log_command:Invoking command in '/home/max/Documents/GitHub/IR2121/Navigation/nav/build/goal': CMAKE_PREFIX_PATH=${CMAKE_PREFIX_PATH}:/home/max/ws/install/opencv_tests:/opt/ros/foxy /usr/bin/cmake --build /home/max/Documents/GitHub/IR2121/Navigation/nav/build/goal -- -j20 -l20
[4.201s] DEBUG:colcon.colcon_core.event_handler.log_command:Invoked command in '/home/max/Documents/GitHub/IR2121/Navigation/nav/build/goal' returned '0': CMAKE_PREFIX_PATH=${CMAKE_PREFIX_PATH}:/home/max/ws/install/opencv_tests:/opt/ros/foxy /usr/bin/cmake --build /home/max/Documents/GitHub/IR2121/Navigation/nav/build/goal -- -j20 -l20
[4.219s] DEBUG:colcon.colcon_core.event_handler.log_command:Invoking command in '/home/max/Documents/GitHub/IR2121/Navigation/nav/build/goal': CMAKE_PREFIX_PATH=${CMAKE_PREFIX_PATH}:/home/max/ws/install/opencv_tests:/opt/ros/foxy /usr/bin/cmake --install /home/max/Documents/GitHub/IR2121/Navigation/nav/build/goal
[4.226s] Level 1:colcon.colcon_core.environment:create_environment_scripts_only(goal)
[4.226s] DEBUG:colcon.colcon_core.event_handler.log_command:Invoked command in '/home/max/Documents/GitHub/IR2121/Navigation/nav/build/goal' returned '0': CMAKE_PREFIX_PATH=${CMAKE_PREFIX_PATH}:/home/max/ws/install/opencv_tests:/opt/ros/foxy /usr/bin/cmake --install /home/max/Documents/GitHub/IR2121/Navigation/nav/build/goal
[4.256s] Level 1:colcon.colcon_core.environment:checking '/home/max/Documents/GitHub/IR2121/Navigation/nav/install/goal' for CMake module files
[4.256s] Level 1:colcon.colcon_core.environment:checking '/home/max/Documents/GitHub/IR2121/Navigation/nav/install/goal' for CMake config files
[4.256s] Level 1:colcon.colcon_core.shell:create_environment_hook('goal', 'cmake_prefix_path')
[4.274s] INFO:colcon.colcon_core.shell:Creating environment hook '/home/max/Documents/GitHub/IR2121/Navigation/nav/install/goal/share/goal/hook/cmake_prefix_path.ps1'
[4.275s] INFO:colcon.colcon_core.shell:Creating environment descriptor '/home/max/Documents/GitHub/IR2121/Navigation/nav/install/goal/share/goal/hook/cmake_prefix_path.dsv'
[4.275s] INFO:colcon.colcon_core.shell:Creating environment hook '/home/max/Documents/GitHub/IR2121/Navigation/nav/install/goal/share/goal/hook/cmake_prefix_path.sh'
[4.276s] Level 1:colcon.colcon_core.environment:checking '/home/max/Documents/GitHub/IR2121/Navigation/nav/install/goal/lib'
[4.276s] Level 1:colcon.colcon_core.environment:checking '/home/max/Documents/GitHub/IR2121/Navigation/nav/install/goal/bin'
[4.276s] Level 1:colcon.colcon_core.environment:checking '/home/max/Documents/GitHub/IR2121/Navigation/nav/install/goal/lib/pkgconfig/goal.pc'
[4.276s] Level 1:colcon.colcon_core.environment:checking '/home/max/Documents/GitHub/IR2121/Navigation/nav/install/goal/lib/python3.8/site-packages'
[4.276s] Level 1:colcon.colcon_core.environment:checking '/home/max/Documents/GitHub/IR2121/Navigation/nav/install/goal/bin'
[4.293s] INFO:colcon.colcon_core.shell:Creating package script '/home/max/Documents/GitHub/IR2121/Navigation/nav/install/goal/share/goal/package.ps1'
[4.293s] INFO:colcon.colcon_core.shell:Creating package descriptor '/home/max/Documents/GitHub/IR2121/Navigation/nav/install/goal/share/goal/package.dsv'
[4.294s] INFO:colcon.colcon_core.shell:Creating package script '/home/max/Documents/GitHub/IR2121/Navigation/nav/install/goal/share/goal/package.sh'
[4.294s] INFO:colcon.colcon_core.shell:Creating package script '/home/max/Documents/GitHub/IR2121/Navigation/nav/install/goal/share/goal/package.bash'
[4.294s] INFO:colcon.colcon_core.shell:Creating package script '/home/max/Documents/GitHub/IR2121/Navigation/nav/install/goal/share/goal/package.zsh'
[4.295s] Level 1:colcon.colcon_core.environment:create_file_with_runtime_dependencies(/home/max/Documents/GitHub/IR2121/Navigation/nav/install/goal/share/colcon-core/packages/goal)
[4.326s] Level 1:colcon.colcon_core.environment:create_environment_scripts_only(goal)
[4.344s] Level 1:colcon.colcon_core.environment:checking '/home/max/Documents/GitHub/IR2121/Navigation/nav/install/goal' for CMake module files
[4.344s] Level 1:colcon.colcon_core.environment:checking '/home/max/Documents/GitHub/IR2121/Navigation/nav/install/goal' for CMake config files
[4.344s] Level 1:colcon.colcon_core.shell:create_environment_hook('goal', 'cmake_prefix_path')
[4.361s] INFO:colcon.colcon_core.shell:Creating environment hook '/home/max/Documents/GitHub/IR2121/Navigation/nav/install/goal/share/goal/hook/cmake_prefix_path.ps1'
[4.361s] INFO:colcon.colcon_core.shell:Creating environment descriptor '/home/max/Documents/GitHub/IR2121/Navigation/nav/install/goal/share/goal/hook/cmake_prefix_path.dsv'
[4.362s] INFO:colcon.colcon_core.shell:Creating environment hook '/home/max/Documents/GitHub/IR2121/Navigation/nav/install/goal/share/goal/hook/cmake_prefix_path.sh'
[4.362s] Level 1:colcon.colcon_core.environment:checking '/home/max/Documents/GitHub/IR2121/Navigation/nav/install/goal/lib'
[4.362s] Level 1:colcon.colcon_core.environment:checking '/home/max/Documents/GitHub/IR2121/Navigation/nav/install/goal/bin'
[4.362s] Level 1:colcon.colcon_core.environment:checking '/home/max/Documents/GitHub/IR2121/Navigation/nav/install/goal/lib/pkgconfig/goal.pc'
[4.362s] Level 1:colcon.colcon_core.environment:checking '/home/max/Documents/GitHub/IR2121/Navigation/nav/install/goal/lib/python3.8/site-packages'
[4.362s] Level 1:colcon.colcon_core.environment:checking '/home/max/Documents/GitHub/IR2121/Navigation/nav/install/goal/bin'
[4.378s] INFO:colcon.colcon_core.shell:Creating package script '/home/max/Documents/GitHub/IR2121/Navigation/nav/install/goal/share/goal/package.ps1'
[4.378s] INFO:colcon.colcon_core.shell:Creating package descriptor '/home/max/Documents/GitHub/IR2121/Navigation/nav/install/goal/share/goal/package.dsv'
[4.379s] INFO:colcon.colcon_core.shell:Creating package script '/home/max/Documents/GitHub/IR2121/Navigation/nav/install/goal/share/goal/package.sh'
[4.379s] INFO:colcon.colcon_core.shell:Creating package script '/home/max/Documents/GitHub/IR2121/Navigation/nav/install/goal/share/goal/package.bash'
[4.379s] INFO:colcon.colcon_core.shell:Creating package script '/home/max/Documents/GitHub/IR2121/Navigation/nav/install/goal/share/goal/package.zsh'
[4.379s] Level 1:colcon.colcon_core.environment:create_file_with_runtime_dependencies(/home/max/Documents/GitHub/IR2121/Navigation/nav/install/goal/share/colcon-core/packages/goal)
[4.379s] DEBUG:colcon.colcon_parallel_executor.executor.parallel:closing loop
[4.380s] DEBUG:colcon.colcon_parallel_executor.executor.parallel:loop closed
[4.380s] DEBUG:colcon.colcon_parallel_executor.executor.parallel:run_until_complete finished with '0'
[4.380s] DEBUG:colcon.colcon_core.event_reactor:joining thread
[4.399s] INFO:colcon.colcon_core.plugin_system:Skipping extension 'colcon_notification.desktop_notification.terminal_notifier': Not used on non-Darwin systems
[4.399s] INFO:colcon.colcon_core.plugin_system:Skipping extension 'colcon_notification.desktop_notification.win32': Not used on non-Windows systems
[4.399s] INFO:colcon.colcon_notification.desktop_notification:Sending desktop notification using 'notify2'
[4.407s] DEBUG:colcon.colcon_core.event_reactor:joined thread
[4.424s] INFO:colcon.colcon_core.shell:Creating prefix script '/home/max/Documents/GitHub/IR2121/Navigation/nav/install/local_setup.ps1'
[4.424s] INFO:colcon.colcon_core.shell:Creating prefix util module '/home/max/Documents/GitHub/IR2121/Navigation/nav/install/_local_setup_util_ps1.py'
[4.425s] INFO:colcon.colcon_core.shell:Creating prefix chain script '/home/max/Documents/GitHub/IR2121/Navigation/nav/install/setup.ps1'
[4.442s] INFO:colcon.colcon_core.shell:Creating prefix script '/home/max/Documents/GitHub/IR2121/Navigation/nav/install/local_setup.sh'
[4.442s] INFO:colcon.colcon_core.shell:Creating prefix util module '/home/max/Documents/GitHub/IR2121/Navigation/nav/install/_local_setup_util_sh.py'
[4.443s] INFO:colcon.colcon_core.shell:Creating prefix chain script '/home/max/Documents/GitHub/IR2121/Navigation/nav/install/setup.sh'
[4.459s] INFO:colcon.colcon_core.shell:Creating prefix script '/home/max/Documents/GitHub/IR2121/Navigation/nav/install/local_setup.bash'
[4.459s] INFO:colcon.colcon_core.shell:Creating prefix chain script '/home/max/Documents/GitHub/IR2121/Navigation/nav/install/setup.bash'
[4.476s] INFO:colcon.colcon_core.shell:Creating prefix script '/home/max/Documents/GitHub/IR2121/Navigation/nav/install/local_setup.zsh'
[4.476s] INFO:colcon.colcon_core.shell:Creating prefix chain script '/home/max/Documents/GitHub/IR2121/Navigation/nav/install/setup.zsh'
