[01m[K/home/max/Documents/GitHub/IR2121/Navigation/nav/src/goal/publisher.cpp:[m[K In function ‘[01m[Kint main(int, char**)[m[K’:
[01m[K/home/max/Documents/GitHub/IR2121/Navigation/nav/src/goal/publisher.cpp:28:28:[m[K [01;35m[Kwarning: [m[Ksuggest parentheses around comparison in operand of ‘[01m[K&[m[K’ [[01;35m[K-Wparentheses[m[K]
   28 |   while (rclcpp::ok()& [01;35m[Kstop==0[m[K) {
      |                        [01;35m[K~~~~^~~[m[K
[01m[K/home/max/Documents/GitHub/IR2121/Navigation/nav/src/goal/publisher.cpp:34:16:[m[K [01;35m[Kwarning: [m[Kcomparisons like ‘[01m[KX<=Y<=Z[m[K’ do not have their mathematical meaning [[01;35m[K-Wparentheses[m[K]
   34 |     if(([01;35m[Kpx1-0.2<pxs[m[K<px1+0.2)&(py1-0.2<pys<py1+0.2)&(pz1-0.2<pzs<pz1+0.2))
      |         [01;35m[K~~~~~~~^~~~[m[K
[01m[K/home/max/Documents/GitHub/IR2121/Navigation/nav/src/goal/publisher.cpp:34:38:[m[K [01;35m[Kwarning: [m[Kcomparisons like ‘[01m[KX<=Y<=Z[m[K’ do not have their mathematical meaning [[01;35m[K-Wparentheses[m[K]
   34 |     if((px1-0.2<pxs<px1+0.2)&([01;35m[Kpy1-0.2<pys[m[K<py1+0.2)&(pz1-0.2<pzs<pz1+0.2))
      |                               [01;35m[K~~~~~~~^~~~[m[K
[01m[K/home/max/Documents/GitHub/IR2121/Navigation/nav/src/goal/publisher.cpp:34:60:[m[K [01;35m[Kwarning: [m[Kcomparisons like ‘[01m[KX<=Y<=Z[m[K’ do not have their mathematical meaning [[01;35m[K-Wparentheses[m[K]
   34 |     if((px1-0.2<pxs<px1+0.2)&(py1-0.2<pys<py1+0.2)&([01;35m[Kpz1-0.2<pzs[m[K<pz1+0.2))
      |                                                     [01;35m[K~~~~~~~^~~~[m[K
[01m[K/home/max/Documents/GitHub/IR2121/Navigation/nav/src/goal/publisher.cpp:[m[K At global scope:
[01m[K/home/max/Documents/GitHub/IR2121/Navigation/nav/src/goal/publisher.cpp:43:1:[m[K [01;31m[Kerror: [m[Kexpected unqualified-id before ‘[01m[K-[m[K’ token
   43 | [01;31m[K-[m[K0.84317; 2.9451; -4.7339e-06
      | [01;31m[K^[m[K
[01m[K/home/max/Documents/GitHub/IR2121/Navigation/nav/src/goal/publisher.cpp:43:11:[m[K [01;31m[Kerror: [m[Kexpected unqualified-id before numeric constant
   43 | -0.84317; [01;31m[K2.9451[m[K; -4.7339e-06
      |           [01;31m[K^~~~~~[m[K
[01m[K/home/max/Documents/GitHub/IR2121/Navigation/nav/src/goal/publisher.cpp:43:19:[m[K [01;31m[Kerror: [m[Kexpected unqualified-id before ‘[01m[K-[m[K’ token
   43 | -0.84317; 2.9451; [01;31m[K-[m[K4.7339e-06
      |                   [01;31m[K^[m[K
make[2]: *** [CMakeFiles/publisher.dir/build.make:63: CMakeFiles/publisher.dir/publisher.cpp.o] Error 1
make[1]: *** [CMakeFiles/Makefile2:78: CMakeFiles/publisher.dir/all] Error 2
make: *** [Makefile:141: all] Error 2
