[0.015s] Invoking command in '/home/usuario/Documentos/GitHub/IR2121/Navigation/nav/build/goal': CMAKE_PREFIX_PATH=/opt/ros/foxy /usr/bin/cmake /home/usuario/Documentos/GitHub/IR2121/Navigation/nav/src/goal -DCMAKE_INSTALL_PREFIX=/home/usuario/Documentos/GitHub/IR2121/Navigation/nav/install/goal
[0.382s] -- The C compiler identification is GNU 9.4.0
[0.716s] -- The CXX compiler identification is GNU 9.4.0
[0.725s] -- Check for working C compiler: /usr/bin/cc
[1.042s] -- Check for working C compiler: /usr/bin/cc -- works
[1.044s] -- Detecting C compiler ABI info
[1.381s] -- Detecting C compiler ABI info - done
[1.393s] -- Detecting C compile features
[1.393s] -- Detecting C compile features - done
[1.396s] -- Check for working CXX compiler: /usr/bin/c++
[1.679s] -- Check for working CXX compiler: /usr/bin/c++ -- works
[1.680s] -- Detecting CXX compiler ABI info
[1.952s] -- Detecting CXX compiler ABI info - done
[1.965s] -- Detecting CXX compile features
[1.966s] -- Detecting CXX compile features - done
[1.973s] -- Found ament_cmake: 0.9.12 (/opt/ros/foxy/share/ament_cmake/cmake)
[2.007s] -- Found PythonInterp: /usr/bin/python3 (found suitable version "3.8.10", minimum required is "3") 
[2.007s] -- Using PYTHON_EXECUTABLE: /usr/bin/python3
[2.219s] -- Found rclcpp: 2.4.3 (/opt/ros/foxy/share/rclcpp/cmake)
[2.277s] -- Using all available rosidl_typesupport_c: rosidl_typesupport_fastrtps_c;rosidl_typesupport_introspection_c
[2.285s] -- Found rosidl_adapter: 1.3.1 (/opt/ros/foxy/share/rosidl_adapter/cmake)
[2.375s] -- Found OpenSSL: /usr/lib/x86_64-linux-gnu/libcrypto.so (found version "1.1.1f")  
[2.405s] -- Found FastRTPS: /opt/ros/foxy/include  
[2.480s] -- Using all available rosidl_typesupport_cpp: rosidl_typesupport_fastrtps_cpp;rosidl_typesupport_introspection_cpp
[2.536s] -- Found rmw_implementation_cmake: 1.0.4 (/opt/ros/foxy/share/rmw_implementation_cmake/cmake)
[2.538s] -- Using RMW implementation 'rmw_fastrtps_cpp' as default
[2.553s] -- Looking for pthread.h
[2.821s] -- Looking for pthread.h - found
[2.821s] -- Performing Test CMAKE_HAVE_LIBC_PTHREAD
[3.146s] -- Performing Test CMAKE_HAVE_LIBC_PTHREAD - Failed
[3.146s] -- Looking for pthread_create in pthreads
[3.266s] -- Looking for pthread_create in pthreads - not found
[3.266s] -- Looking for pthread_create in pthread
[3.551s] -- Looking for pthread_create in pthread - found
[3.552s] -- Found Threads: TRUE  
[3.682s] -- Found geometry_msgs: 2.0.5 (/opt/ros/foxy/share/geometry_msgs/cmake)
[3.714s] -- Found tf2_ros: 0.13.14 (/opt/ros/foxy/share/tf2_ros/cmake)
[3.993s] -- Found tf2_geometry_msgs: 0.13.14 (/opt/ros/foxy/share/tf2_geometry_msgs/cmake)
[4.001s] -- Found eigen3_cmake_module: 0.1.1 (/opt/ros/foxy/share/eigen3_cmake_module/cmake)
[4.005s] -- Found Eigen3: TRUE (found version "3.3.7") 
[4.170s] -- Configuring done
[4.183s] -- Generating done
[4.184s] -- Build files have been written to: /home/usuario/Documentos/GitHub/IR2121/Navigation/nav/build/goal
[4.194s] Invoked command in '/home/usuario/Documentos/GitHub/IR2121/Navigation/nav/build/goal' returned '0': CMAKE_PREFIX_PATH=/opt/ros/foxy /usr/bin/cmake /home/usuario/Documentos/GitHub/IR2121/Navigation/nav/src/goal -DCMAKE_INSTALL_PREFIX=/home/usuario/Documentos/GitHub/IR2121/Navigation/nav/install/goal
[4.197s] Invoking command in '/home/usuario/Documentos/GitHub/IR2121/Navigation/nav/build/goal': CMAKE_PREFIX_PATH=/opt/ros/foxy /usr/bin/cmake --build /home/usuario/Documentos/GitHub/IR2121/Navigation/nav/build/goal -- -j6 -l6
[4.273s] [35m[1mScanning dependencies of target publisher[0m
[4.454s] [ 50%] [32mBuilding CXX object CMakeFiles/publisher.dir/publisher.cpp.o[0m
[70.240s] [100%] [32m[1mLinking CXX executable publisher[0m
[72.933s] [100%] Built target publisher
[72.944s] Invoked command in '/home/usuario/Documentos/GitHub/IR2121/Navigation/nav/build/goal' returned '0': CMAKE_PREFIX_PATH=/opt/ros/foxy /usr/bin/cmake --build /home/usuario/Documentos/GitHub/IR2121/Navigation/nav/build/goal -- -j6 -l6
[72.973s] Invoking command in '/home/usuario/Documentos/GitHub/IR2121/Navigation/nav/build/goal': CMAKE_PREFIX_PATH=/opt/ros/foxy /usr/bin/cmake --install /home/usuario/Documentos/GitHub/IR2121/Navigation/nav/build/goal
[72.979s] -- Install configuration: ""
[72.979s] -- Installing: /home/usuario/Documentos/GitHub/IR2121/Navigation/nav/install/goal/lib/goal/publisher
[72.980s] -- Set runtime path of "/home/usuario/Documentos/GitHub/IR2121/Navigation/nav/install/goal/lib/goal/publisher" to ""
[72.980s] -- Installing: /home/usuario/Documentos/GitHub/IR2121/Navigation/nav/install/goal/share/ament_index/resource_index/package_run_dependencies/goal
[72.980s] -- Installing: /home/usuario/Documentos/GitHub/IR2121/Navigation/nav/install/goal/share/ament_index/resource_index/parent_prefix_path/goal
[72.988s] -- Installing: /home/usuario/Documentos/GitHub/IR2121/Navigation/nav/install/goal/share/goal/environment/ament_prefix_path.sh
[72.988s] -- Installing: /home/usuario/Documentos/GitHub/IR2121/Navigation/nav/install/goal/share/goal/environment/ament_prefix_path.dsv
[72.996s] -- Installing: /home/usuario/Documentos/GitHub/IR2121/Navigation/nav/install/goal/share/goal/environment/path.sh
[72.996s] -- Installing: /home/usuario/Documentos/GitHub/IR2121/Navigation/nav/install/goal/share/goal/environment/path.dsv
[73.002s] -- Installing: /home/usuario/Documentos/GitHub/IR2121/Navigation/nav/install/goal/share/goal/local_setup.bash
[73.004s] -- Installing: /home/usuario/Documentos/GitHub/IR2121/Navigation/nav/install/goal/share/goal/local_setup.sh
[73.007s] -- Installing: /home/usuario/Documentos/GitHub/IR2121/Navigation/nav/install/goal/share/goal/local_setup.zsh
[73.011s] -- Installing: /home/usuario/Documentos/GitHub/IR2121/Navigation/nav/install/goal/share/goal/local_setup.dsv
[73.019s] -- Installing: /home/usuario/Documentos/GitHub/IR2121/Navigation/nav/install/goal/share/goal/package.dsv
[73.027s] -- Installing: /home/usuario/Documentos/GitHub/IR2121/Navigation/nav/install/goal/share/ament_index/resource_index/packages/goal
[73.028s] -- Installing: /home/usuario/Documentos/GitHub/IR2121/Navigation/nav/install/goal/share/goal/cmake/goalConfig.cmake
[73.030s] -- Installing: /home/usuario/Documentos/GitHub/IR2121/Navigation/nav/install/goal/share/goal/cmake/goalConfig-version.cmake
[73.031s] -- Installing: /home/usuario/Documentos/GitHub/IR2121/Navigation/nav/install/goal/share/goal/package.xml
[73.035s] Invoked command in '/home/usuario/Documentos/GitHub/IR2121/Navigation/nav/build/goal' returned '0': CMAKE_PREFIX_PATH=/opt/ros/foxy /usr/bin/cmake --install /home/usuario/Documentos/GitHub/IR2121/Navigation/nav/build/goal
