[0.023s] Invoking command in '/home/usuario/Documentos/GitHub/IR2121/Navigation/nav/build/goal': CMAKE_PREFIX_PATH=${CMAKE_PREFIX_PATH}:/opt/ros/foxy /usr/bin/cmake --build /home/usuario/Documentos/GitHub/IR2121/Navigation/nav/build/goal -- -j6 -l6
[0.070s] [35m[1mScanning dependencies of target publisher[0m
[0.131s] [ 50%] [32mBuilding CXX object CMakeFiles/publisher.dir/publisher.cpp.o[0m
[67.458s] [100%] [32m[1mLinking CXX executable publisher[0m
[70.140s] [100%] Built target publisher
[70.151s] Invoked command in '/home/usuario/Documentos/GitHub/IR2121/Navigation/nav/build/goal' returned '0': CMAKE_PREFIX_PATH=${CMAKE_PREFIX_PATH}:/opt/ros/foxy /usr/bin/cmake --build /home/usuario/Documentos/GitHub/IR2121/Navigation/nav/build/goal -- -j6 -l6
[70.180s] Invoking command in '/home/usuario/Documentos/GitHub/IR2121/Navigation/nav/build/goal': CMAKE_PREFIX_PATH=${CMAKE_PREFIX_PATH}:/opt/ros/foxy /usr/bin/cmake --install /home/usuario/Documentos/GitHub/IR2121/Navigation/nav/build/goal
[70.187s] -- Install configuration: ""
[70.187s] -- Installing: /home/usuario/Documentos/GitHub/IR2121/Navigation/nav/install/goal/lib/goal/publisher
[70.187s] -- Set runtime path of "/home/usuario/Documentos/GitHub/IR2121/Navigation/nav/install/goal/lib/goal/publisher" to ""
[70.187s] -- Up-to-date: /home/usuario/Documentos/GitHub/IR2121/Navigation/nav/install/goal/share/ament_index/resource_index/package_run_dependencies/goal
[70.188s] -- Up-to-date: /home/usuario/Documentos/GitHub/IR2121/Navigation/nav/install/goal/share/ament_index/resource_index/parent_prefix_path/goal
[70.188s] -- Up-to-date: /home/usuario/Documentos/GitHub/IR2121/Navigation/nav/install/goal/share/goal/environment/ament_prefix_path.sh
[70.188s] -- Up-to-date: /home/usuario/Documentos/GitHub/IR2121/Navigation/nav/install/goal/share/goal/environment/ament_prefix_path.dsv
[70.188s] -- Up-to-date: /home/usuario/Documentos/GitHub/IR2121/Navigation/nav/install/goal/share/goal/environment/path.sh
[70.188s] -- Up-to-date: /home/usuario/Documentos/GitHub/IR2121/Navigation/nav/install/goal/share/goal/environment/path.dsv
[70.188s] -- Up-to-date: /home/usuario/Documentos/GitHub/IR2121/Navigation/nav/install/goal/share/goal/local_setup.bash
[70.188s] -- Up-to-date: /home/usuario/Documentos/GitHub/IR2121/Navigation/nav/install/goal/share/goal/local_setup.sh
[70.188s] -- Up-to-date: /home/usuario/Documentos/GitHub/IR2121/Navigation/nav/install/goal/share/goal/local_setup.zsh
[70.188s] -- Up-to-date: /home/usuario/Documentos/GitHub/IR2121/Navigation/nav/install/goal/share/goal/local_setup.dsv
[70.188s] -- Installing: /home/usuario/Documentos/GitHub/IR2121/Navigation/nav/install/goal/share/goal/package.dsv
[70.190s] -- Up-to-date: /home/usuario/Documentos/GitHub/IR2121/Navigation/nav/install/goal/share/ament_index/resource_index/packages/goal
[70.190s] -- Up-to-date: /home/usuario/Documentos/GitHub/IR2121/Navigation/nav/install/goal/share/goal/cmake/goalConfig.cmake
[70.191s] -- Up-to-date: /home/usuario/Documentos/GitHub/IR2121/Navigation/nav/install/goal/share/goal/cmake/goalConfig-version.cmake
[70.191s] -- Up-to-date: /home/usuario/Documentos/GitHub/IR2121/Navigation/nav/install/goal/share/goal/package.xml
[70.192s] Invoked command in '/home/usuario/Documentos/GitHub/IR2121/Navigation/nav/build/goal' returned '0': CMAKE_PREFIX_PATH=${CMAKE_PREFIX_PATH}:/opt/ros/foxy /usr/bin/cmake --install /home/usuario/Documentos/GitHub/IR2121/Navigation/nav/build/goal
