[0.081s] Invoking command in '/home/max/Documents/GitHub/IR2121/Navigation/nav/build/examples_topics': /usr/bin/cmake /home/max/Documents/GitHub/IR2121/Navigation/nav/src/goal -DCMAKE_INSTALL_PREFIX=/home/max/Documents/GitHub/IR2121/Navigation/nav/install/examples_topics
[0.216s] -- The C compiler identification is GNU 9.4.0
[0.309s] -- The CXX compiler identification is GNU 9.4.0
[0.313s] -- Check for working C compiler: /usr/bin/cc
[0.356s] -- Check for working C compiler: /usr/bin/cc -- works
[0.357s] -- Detecting C compiler ABI info
[0.398s] -- Detecting C compiler ABI info - done
[0.404s] -- Detecting C compile features
[0.404s] -- Detecting C compile features - done
[0.406s] -- Check for working CXX compiler: /usr/bin/c++
[0.454s] -- Check for working CXX compiler: /usr/bin/c++ -- works
[0.455s] -- Detecting CXX compiler ABI info
[0.501s] -- Detecting CXX compiler ABI info - done
[0.507s] -- Detecting CXX compile features
[0.508s] -- Detecting CXX compile features - done
[0.512s] -- Found ament_cmake: 0.9.12 (/opt/ros/foxy/share/ament_cmake/cmake)
[0.532s] -- Found PythonInterp: /usr/bin/python3 (found suitable version "3.8.10", minimum required is "3") 
[0.532s] -- Using PYTHON_EXECUTABLE: /usr/bin/python3
[0.651s] -- Found rclcpp: 2.4.3 (/opt/ros/foxy/share/rclcpp/cmake)
[0.688s] -- Using all available rosidl_typesupport_c: rosidl_typesupport_fastrtps_c;rosidl_typesupport_introspection_c
[0.695s] -- Found rosidl_adapter: 1.3.1 (/opt/ros/foxy/share/rosidl_adapter/cmake)
[0.750s] -- Found OpenSSL: /usr/lib/x86_64-linux-gnu/libcrypto.so (found version "1.1.1f")  
[0.769s] -- Found FastRTPS: /opt/ros/foxy/include  
[0.820s] -- Using all available rosidl_typesupport_cpp: rosidl_typesupport_fastrtps_cpp;rosidl_typesupport_introspection_cpp
[0.861s] -- Found rmw_implementation_cmake: 1.0.4 (/opt/ros/foxy/share/rmw_implementation_cmake/cmake)
[0.862s] -- Using RMW implementation 'rmw_fastrtps_cpp' as default
[0.863s] -- Looking for pthread.h
[0.909s] -- Looking for pthread.h - found
[0.909s] -- Performing Test CMAKE_HAVE_LIBC_PTHREAD
[0.954s] -- Performing Test CMAKE_HAVE_LIBC_PTHREAD - Failed
[0.954s] -- Looking for pthread_create in pthreads
[0.990s] -- Looking for pthread_create in pthreads - not found
[0.991s] -- Looking for pthread_create in pthread
[1.034s] -- Looking for pthread_create in pthread - found
[1.035s] -- Found Threads: TRUE  
[1.136s] -- Found geometry_msgs: 2.0.5 (/opt/ros/foxy/share/geometry_msgs/cmake)
[1.158s] -- Found nav_msgs: 2.0.5 (/opt/ros/foxy/share/nav_msgs/cmake)
[1.229s] Error parsing '/home/max/Documents/GitHub/IR2121/Navigation/nav/src/goal/package.xml':
[1.293s] Traceback (most recent call last):
[1.293s]   File "/opt/ros/foxy/share/ament_cmake_core/cmake/core/package_xml_2_cmake.py", line 143, in <module>
[1.293s]     main()
[1.293s]   File "/opt/ros/foxy/share/ament_cmake_core/cmake/core/package_xml_2_cmake.py", line 52, in main
[1.293s]     raise e
[1.294s]   File "/opt/ros/foxy/share/ament_cmake_core/cmake/core/package_xml_2_cmake.py", line 48, in main
[1.294s]     package = parse_package_string(
[1.294s]   File "/usr/lib/python3/dist-packages/catkin_pkg/package.py", line 788, in parse_package_string
[1.294s]     pkg.validate(warnings=warnings)
[1.294s]   File "/usr/lib/python3/dist-packages/catkin_pkg/package.py", line 330, in validate
[1.294s]     raise InvalidPackage('\n'.join(errors), self.filename)
[1.294s] catkin_pkg.package.InvalidPackage: Error(s) in package '/home/max/Documents/GitHub/IR2121/Navigation/nav/src/goal/package.xml':
[1.294s] Package name "nav with goals" does not follow naming conventions
[1.305s] CMake Error at /opt/ros/foxy/share/ament_cmake_core/cmake/core/ament_package_xml.cmake:94 (message):
[1.305s]   execute_process(/usr/bin/python3
[1.305s]   /opt/ros/foxy/share/ament_cmake_core/cmake/core/package_xml_2_cmake.py
[1.305s]   /home/max/Documents/GitHub/IR2121/Navigation/nav/src/goal/package.xml
[1.305s]   /home/max/Documents/GitHub/IR2121/Navigation/nav/build/examples_topics/ament_cmake_core/package.cmake)
[1.305s]   returned error code 1
[1.305s] Call Stack (most recent call first):
[1.306s]   /opt/ros/foxy/share/ament_cmake_core/cmake/core/ament_package_xml.cmake:49 (_ament_package_xml)
[1.306s]   /opt/ros/foxy/share/ament_cmake_core/cmake/core/ament_package.cmake:63 (ament_package_xml)
[1.306s]   CMakeLists.txt:27 (ament_package)
[1.306s] 
[1.306s] 
[1.306s] -- Configuring incomplete, errors occurred!
[1.306s] See also "/home/max/Documents/GitHub/IR2121/Navigation/nav/build/examples_topics/CMakeFiles/CMakeOutput.log".
[1.306s] See also "/home/max/Documents/GitHub/IR2121/Navigation/nav/build/examples_topics/CMakeFiles/CMakeError.log".
[1.312s] Invoked command in '/home/max/Documents/GitHub/IR2121/Navigation/nav/build/examples_topics' returned '1': /usr/bin/cmake /home/max/Documents/GitHub/IR2121/Navigation/nav/src/goal -DCMAKE_INSTALL_PREFIX=/home/max/Documents/GitHub/IR2121/Navigation/nav/install/examples_topics
